<?xml version="1.0" encoding="UTF-8"?>
<!-- Generated by org.testng.reporters.JUnitReportReporter -->
<testsuite skipped="0" hostname="HP-PC" name="WebTesting.AutomationTask.TC001_VerifyAddUserDetails" tests="1" failures="0" timestamp="13 Dec 2018 20:28:51 GMT" time="18.438" errors="0">
  <testcase name="AbsaAssessmentTest" time="18.438" classname="WebTesting.AutomationTask.TC001_VerifyAddUserDetails"/>
</testsuite> <!-- WebTesting.AutomationTask.TC001_VerifyAddUserDetails -->
